Oct 02, 2025 10:25:50 AM Main configureLogger
INFO: Logging configuration set up successfully.
Oct 02, 2025 10:25:50 AM Main main
INFO: Starting the Mars Rover Program
Oct 02, 2025 10:26:00 AM Main main
INFO: Grid initialized with width: 10 and height: 10
Oct 02, 2025 10:26:14 AM Main main
INFO: Rover initialized at (0, 0) facing NORTH
Oct 02, 2025 10:26:16 AM Main main
INFO: Executed command: M
Oct 02, 2025 10:26:18 AM Main main
INFO: Executed command: M
Oct 02, 2025 10:26:20 AM Main main
INFO: Executed command: L
Oct 02, 2025 10:26:22 AM Main main
INFO: Executed command: M
Oct 02, 2025 10:26:26 AM Main main
INFO: Executed command: L
Oct 02, 2025 10:26:33 AM Main main
INFO: Executed command: M
Oct 02, 2025 10:26:36 AM Main main
INFO: Exiting program as 'Q' command received
Oct 02, 2025 10:26:36 AM Main main
INFO: Program finished. Final position: (0, 1, SOUTH)
Oct 02, 2025 10:26:36 AM Main main
INFO: Scanner closed. Program terminated.
Oct 02, 2025 10:27:05 AM Main configureLogger
INFO: Logging configuration set up successfully.
Oct 02, 2025 10:27:05 AM Main main
INFO: Starting the Mars Rover Program
Oct 02, 2025 10:27:07 AM Main main
INFO: Grid initialized with width: 10 and height: 10
Oct 02, 2025 10:27:21 AM Main main
INFO: Rover initialized at (0, 0) facing NORTH
Oct 02, 2025 10:27:29 AM Main main
INFO: Executed command: M
Oct 02, 2025 10:27:30 AM Main main
INFO: Executed command: M
Oct 02, 2025 10:27:33 AM Main main
INFO: Executed command: R
Oct 02, 2025 10:27:37 AM Main main
INFO: Executed command: M
Oct 02, 2025 10:27:41 AM Main main
INFO: Executed command: L
Oct 02, 2025 10:27:44 AM Main main
INFO: Executed command: M
Oct 02, 2025 10:31:20 AM Main main
INFO: Exiting program as 'Q' command received
Oct 02, 2025 10:31:20 AM Main main
INFO: Program finished. Final position: (1, 3, NORTH)
Oct 02, 2025 10:31:20 AM Main main
INFO: Scanner closed. Program terminated.
Oct 02, 2025 10:36:17 AM Main configureLogger
INFO: Logging configuration set up successfully.
Oct 02, 2025 10:36:17 AM Main main
INFO: Starting the Mars Rover Program
Oct 02, 2025 10:36:20 AM Main main
INFO: Grid initialized with width: 2 and height: 2
Oct 02, 2025 10:36:29 AM Main main
INFO: Rover initialized at (0, 1) facing NORTH
Oct 02, 2025 10:36:34 AM Main main
INFO: Executed command: M
Oct 02, 2025 10:38:09 AM Main main
INFO: Exiting program as 'Q' command received
Oct 02, 2025 10:38:09 AM Main main
INFO: Program finished. Final position: (0, 1, NORTH)
Oct 02, 2025 10:38:09 AM Main main
INFO: Scanner closed. Program terminated.
Oct 02, 2025 10:38:14 AM Main configureLogger
INFO: Logging configuration set up successfully.
Oct 02, 2025 10:38:14 AM Main main
INFO: Starting the Mars Rover Program
Oct 02, 2025 10:38:18 AM Main main
INFO: Grid initialized with width: 2 and height: 2
Oct 02, 2025 10:38:24 AM Main main
INFO: Added obstacle at (1, 0)
Oct 02, 2025 10:38:29 AM Main main
INFO: Rover initialized at (0, 0) facing EAST
Oct 02, 2025 10:38:33 AM Main main
INFO: Executed command: M
Oct 02, 2025 10:46:16 AM Main main
INFO: Exiting program as 'Q' command received
Oct 02, 2025 10:46:16 AM Main main
INFO: Program finished. Final position: (0, 0, EAST)
Oct 02, 2025 10:46:16 AM Main main
INFO: Scanner closed. Program terminated.
Oct 02, 2025 10:46:24 AM Main configureLogger
INFO: Logging configuration set up successfully.
Oct 02, 2025 10:46:24 AM Main main
INFO: Starting the Mars Rover Program
Oct 02, 2025 10:46:26 AM Main main
INFO: Grid initialized with width: 2 and height: 2
Oct 02, 2025 10:46:39 AM Main main
INFO: Rover initialized at (0, 0) facing NORTH
Oct 02, 2025 10:46:41 AM Main main
INFO: Executed command: M
Oct 02, 2025 10:46:42 AM Main main
INFO: Executed command: M
